<?xml version="1.0" encoding="UTF-8"?>
<!-- Generated by org.testng.reporters.JUnitXMLReporter -->
<testsuite ignored="0" hostname="ZSCHN01LP0032" failures="0" tests="4" name="Default test" time="5.225" errors="0" timestamp="2024-02-12T13:55:49 IST">
  <testcase classname="testScripts.Article_Test" name="loginTest" time="0.367"/>
  <testcase classname="testScripts.Article_Test" name="newArticle" time="1.408"/>
  <testcase classname="testScripts.Article_Test" name="update_Article" time="1.003"/>
  <testcase classname="testScripts.Article_Test" name="delete_Article" time="0.12"/>
</testsuite> <!-- Default test -->
