<?xml version="1.0" encoding="UTF-8"?>
<testng-results ignored="0" total="4" passed="4" failed="0" skipped="0">
  <reporter-output>
  </reporter-output>
  <suite started-at="2024-02-12T13:55:44 IST" name="Default suite" finished-at="2024-02-12T13:55:49 IST" duration-ms="5225">
    <groups>
    </groups>
    <test started-at="2024-02-12T13:55:44 IST" name="Default test" finished-at="2024-02-12T13:55:49 IST" duration-ms="5225">
      <class name="testScripts.Article_Test">
        <test-method is-config="true" signature="setup()[pri:0, instance:testScripts.Article_Test@3b582111]" started-at="2024-02-12T13:55:44 IST" name="setup" finished-at="2024-02-12T13:55:46 IST" duration-ms="2263" status="PASS">
          <reporter-output>
          </reporter-output>
        </test-method> <!-- setup -->
        <test-method signature="loginTest()[pri:1, instance:testScripts.Article_Test@3b582111]" started-at="2024-02-12T13:55:46 IST" name="loginTest" finished-at="2024-02-12T13:55:47 IST" duration-ms="367" status="PASS">
          <reporter-output>
          </reporter-output>
        </test-method> <!-- loginTest -->
        <test-method signature="newArticle()[pri:2, instance:testScripts.Article_Test@3b582111]" started-at="2024-02-12T13:55:47 IST" name="newArticle" finished-at="2024-02-12T13:55:48 IST" duration-ms="1408" status="PASS">
          <reporter-output>
          </reporter-output>
        </test-method> <!-- newArticle -->
        <test-method signature="update_Article()[pri:3, instance:testScripts.Article_Test@3b582111]" started-at="2024-02-12T13:55:48 IST" name="update_Article" finished-at="2024-02-12T13:55:49 IST" duration-ms="1003" status="PASS">
          <reporter-output>
          </reporter-output>
        </test-method> <!-- update_Article -->
        <test-method signature="delete_Article()[pri:4, instance:testScripts.Article_Test@3b582111]" started-at="2024-02-12T13:55:49 IST" name="delete_Article" finished-at="2024-02-12T13:55:49 IST" duration-ms="120" status="PASS">
          <reporter-output>
          </reporter-output>
        </test-method> <!-- delete_Article -->
      </class> <!-- testScripts.Article_Test -->
    </test> <!-- Default test -->
  </suite> <!-- Default suite -->
</testng-results>
